<?xml version="1.0" encoding="UTF-8"?>
<!-- Generated by org.testng.reporters.JUnitReportReporter -->
<testsuite hostname="CL-PF4F3NLL" failures="0" tests="3" name="test.ApiPrueba" time="3.214" errors="0" timestamp="11 Oct 2024 10:39:57 GMT">
  <testcase classname="test.ApiPrueba" name="testAPIDelete" time="0.173"/>
  <testcase classname="test.ApiPrueba" name="testAPI" time="2.880"/>
  <testcase classname="test.ApiPrueba" name="testAPIGet" time="0.161"/>
</testsuite> <!-- test.ApiPrueba -->
